WARNING: A terminally deprecated method in sun.misc.Unsafe has been called
WARNING: sun.misc.Unsafe::staticFieldBase has been called by com.google.inject.internal.aop.HiddenClassDefiner (file:/opt/homebrew/Cellar/maven/3.9.11/libexec/lib/guice-5.1.0-classes.jar)
WARNING: Please consider reporting this to the maintainers of class com.google.inject.internal.aop.HiddenClassDefiner
WARNING: sun.misc.Unsafe::staticFieldBase will be removed in a future release
[INFO] Scanning for projects...
[INFO] 
[INFO] -----------------< com.microservice:inventory-service >-----------------
[INFO] Building inventory-service 1.0-SNAPSHOT
[INFO]   from pom.xml
[INFO] --------------------------------[ jar ]---------------------------------
[INFO] 
[INFO] >>> spring-boot:3.5.6:run (default-cli) > test-compile @ inventory-service >>>
[INFO] 
[INFO] --- resources:3.3.1:resources (default-resources) @ inventory-service ---
[INFO] Copying 1 resource from src/main/resources to target/classes
[INFO] Copying 0 resource from src/main/resources to target/classes
[INFO] 
[INFO] --- compiler:3.11.0:compile (default-compile) @ inventory-service ---
[INFO] Nothing to compile - all classes are up to date
[INFO] 
[INFO] --- resources:3.3.1:testResources (default-testResources) @ inventory-service ---
[INFO] skip non existing resourceDirectory /Users/dhruvpatel/Downloads/microservices-new/inventory-service/src/test/resources
[INFO] 
[INFO] --- compiler:3.11.0:testCompile (default-testCompile) @ inventory-service ---
[INFO] Nothing to compile - all classes are up to date
[INFO] 
[INFO] <<< spring-boot:3.5.6:run (default-cli) < test-compile @ inventory-service <<<
[INFO] 
[INFO] 
[INFO] --- spring-boot:3.5.6:run (default-cli) @ inventory-service ---
[INFO] Attaching agents: []

  .   ____          _            __ _ _
 /\\ / ___'_ __ _ _(_)_ __  __ _ \ \ \ \
( ( )\___ | '_ | '_| | '_ \/ _` | \ \ \ \
 \\/  ___)| |_)| | | | | || (_| |  ) ) ) )
  '  |____| .__|_| |_|_| |_\__, | / / / /
 =========|_|==============|___/=/_/_/_/

 :: Spring Boot ::                (v3.5.6)

2025-09-24T11:59:44.584-04:00  INFO 93565 --- [inventory-service] [           main] c.m.I.InventoryServiceApplication        : Starting InventoryServiceApplication using Java 24.0.2 with PID 93565 (/Users/dhruvpatel/Downloads/microservices-new/inventory-service/target/classes started by dhruvpatel in /Users/dhruvpatel/Downloads/microservices-new/inventory-service)
2025-09-24T11:59:44.585-04:00  INFO 93565 --- [inventory-service] [           main] c.m.I.InventoryServiceApplication        : No active profile set, falling back to 1 default profile: "default"
2025-09-24T11:59:44.799-04:00  INFO 93565 --- [inventory-service] [           main] .s.d.r.c.RepositoryConfigurationDelegate : Bootstrapping Spring Data JPA repositories in DEFAULT mode.
2025-09-24T11:59:44.849-04:00  INFO 93565 --- [inventory-service] [           main] .s.d.r.c.RepositoryConfigurationDelegate : Finished Spring Data repository scanning in 45 ms. Found 1 JPA repository interface.
2025-09-24T11:59:44.920-04:00  INFO 93565 --- [inventory-service] [           main] o.s.cloud.context.scope.GenericScope     : BeanFactory id=2648373d-0776-3d56-9525-52536187aee2
2025-09-24T11:59:45.031-04:00  INFO 93565 --- [inventory-service] [           main] o.s.b.w.embedded.tomcat.TomcatWebServer  : Tomcat initialized with port 0 (http)
2025-09-24T11:59:45.036-04:00  INFO 93565 --- [inventory-service] [           main] o.apache.catalina.core.StandardService   : Starting service [Tomcat]
2025-09-24T11:59:45.036-04:00  INFO 93565 --- [inventory-service] [           main] o.apache.catalina.core.StandardEngine    : Starting Servlet engine: [Apache Tomcat/10.1.46]
2025-09-24T11:59:45.054-04:00  INFO 93565 --- [inventory-service] [           main] o.a.c.c.C.[Tomcat].[localhost].[/]       : Initializing Spring embedded WebApplicationContext
2025-09-24T11:59:45.054-04:00  INFO 93565 --- [inventory-service] [           main] w.s.c.ServletWebServerApplicationContext : Root WebApplicationContext: initialization completed in 455 ms
2025-09-24T11:59:45.113-04:00  INFO 93565 --- [inventory-service] [           main] o.hibernate.jpa.internal.util.LogHelper  : HHH000204: Processing PersistenceUnitInfo [name: default]
2025-09-24T11:59:45.128-04:00  INFO 93565 --- [inventory-service] [           main] org.hibernate.Version                    : HHH000412: Hibernate ORM core version 6.6.29.Final
2025-09-24T11:59:45.136-04:00  INFO 93565 --- [inventory-service] [           main] o.h.c.internal.RegionFactoryInitiator    : HHH000026: Second-level cache disabled
2025-09-24T11:59:45.226-04:00  INFO 93565 --- [inventory-service] [           main] o.s.o.j.p.SpringPersistenceUnitInfo      : No LoadTimeWeaver setup: ignoring JPA class transformer
2025-09-24T11:59:45.234-04:00  INFO 93565 --- [inventory-service] [           main] com.zaxxer.hikari.HikariDataSource       : HikariPool-1 - Starting...
2025-09-24T11:59:45.295-04:00  INFO 93565 --- [inventory-service] [           main] com.zaxxer.hikari.pool.HikariPool        : HikariPool-1 - Added connection com.mysql.cj.jdbc.ConnectionImpl@6ae42248
2025-09-24T11:59:45.295-04:00  INFO 93565 --- [inventory-service] [           main] com.zaxxer.hikari.HikariDataSource       : HikariPool-1 - Start completed.
2025-09-24T11:59:45.316-04:00  WARN 93565 --- [inventory-service] [           main] org.hibernate.orm.deprecation            : HHH90000025: MySQLDialect does not need to be specified explicitly using 'hibernate.dialect' (remove the property setting and it will be selected by default)
2025-09-24T11:59:45.321-04:00  INFO 93565 --- [inventory-service] [           main] org.hibernate.orm.connections.pooling    : HHH10001005: Database info:
	Database JDBC URL [Connecting through datasource 'HikariDataSource (HikariPool-1)']
	Database driver: undefined/unknown
	Database version: 8.0.43
	Autocommit mode: undefined/unknown
	Isolation level: undefined/unknown
	Minimum pool size: undefined/unknown
	Maximum pool size: undefined/unknown
2025-09-24T11:59:45.543-04:00  INFO 93565 --- [inventory-service] [           main] o.h.e.t.j.p.i.JtaPlatformInitiator       : HHH000489: No JTA platform available (set 'hibernate.transaction.jta.platform' to enable JTA platform integration)
Hibernate: drop table if exists t_inventory
Hibernate: create table t_inventory (quantity integer not null, id bigint not null auto_increment, sku_code varchar(255), primary key (id)) engine=InnoDB
2025-09-24T11:59:45.780-04:00  INFO 93565 --- [inventory-service] [           main] j.LocalContainerEntityManagerFactoryBean : Initialized JPA EntityManagerFactory for persistence unit 'default'
2025-09-24T11:59:45.884-04:00  WARN 93565 --- [inventory-service] [           main] JpaBaseConfiguration$JpaWebConfiguration : spring.jpa.open-in-view is enabled by default. Therefore, database queries may be performed during view rendering. Explicitly configure spring.jpa.open-in-view to disable this warning
2025-09-24T11:59:46.033-04:00  INFO 93565 --- [inventory-service] [           main] DiscoveryClientOptionalArgsConfiguration : Eureka HTTP Client uses RestTemplate.
2025-09-24T11:59:46.044-04:00  WARN 93565 --- [inventory-service] [           main] iguration$LoadBalancerCaffeineWarnLogger : Spring Cloud LoadBalancer is currently working with the default cache. While this cache implementation is useful for development and tests, it's recommended to use Caffeine cache in production.You can switch to using Caffeine cache, by adding it and org.springframework.cache.caffeine.CaffeineCacheManager to the classpath.
2025-09-24T11:59:46.056-04:00  INFO 93565 --- [inventory-service] [           main] o.s.b.w.embedded.tomcat.TomcatWebServer  : Tomcat started on port 54816 (http) with context path '/'
2025-09-24T11:59:46.056-04:00  INFO 93565 --- [inventory-service] [           main] .s.c.n.e.s.EurekaAutoServiceRegistration : Updating port to 54816
2025-09-24T11:59:46.057-04:00  INFO 93565 --- [inventory-service] [           main] o.s.c.n.eureka.InstanceInfoFactory       : Setting initial instance status as: STARTING
2025-09-24T11:59:46.067-04:00  INFO 93565 --- [inventory-service] [           main] com.netflix.discovery.DiscoveryClient    : Initializing Eureka in region us-east-1
2025-09-24T11:59:46.068-04:00  INFO 93565 --- [inventory-service] [           main] c.n.d.s.r.aws.ConfigClusterResolver      : Resolving eureka endpoints via configuration
2025-09-24T11:59:46.071-04:00  INFO 93565 --- [inventory-service] [           main] com.netflix.discovery.DiscoveryClient    : Disable delta property : false
2025-09-24T11:59:46.071-04:00  INFO 93565 --- [inventory-service] [           main] com.netflix.discovery.DiscoveryClient    : Single vip registry refresh property : null
2025-09-24T11:59:46.071-04:00  INFO 93565 --- [inventory-service] [           main] com.netflix.discovery.DiscoveryClient    : Force full registry fetch : false
2025-09-24T11:59:46.071-04:00  INFO 93565 --- [inventory-service] [           main] com.netflix.discovery.DiscoveryClient    : Application is null : false
2025-09-24T11:59:46.071-04:00  INFO 93565 --- [inventory-service] [           main] com.netflix.discovery.DiscoveryClient    : Registered Applications size is zero : true
2025-09-24T11:59:46.071-04:00  INFO 93565 --- [inventory-service] [           main] com.netflix.discovery.DiscoveryClient    : Application version is -1: true
2025-09-24T11:59:46.071-04:00  INFO 93565 --- [inventory-service] [           main] com.netflix.discovery.DiscoveryClient    : Getting all instance registry info from the eureka server
2025-09-24T11:59:46.196-04:00  INFO 93565 --- [inventory-service] [           main] com.netflix.discovery.DiscoveryClient    : The response status is 200
2025-09-24T11:59:46.197-04:00  INFO 93565 --- [inventory-service] [           main] com.netflix.discovery.DiscoveryClient    : Starting heartbeat executor: renew interval is: 30
2025-09-24T11:59:46.197-04:00  INFO 93565 --- [inventory-service] [           main] c.n.discovery.InstanceInfoReplicator     : InstanceInfoReplicator onDemand update allowed rate per min is 4
2025-09-24T11:59:46.198-04:00  INFO 93565 --- [inventory-service] [           main] com.netflix.discovery.DiscoveryClient    : Discovery Client initialized at timestamp 1758729586198 with initial instances count: 3
2025-09-24T11:59:46.199-04:00  INFO 93565 --- [inventory-service] [           main] o.s.c.n.e.s.EurekaServiceRegistry        : Registering application INVENTORY-SERVICE with eureka with status UP
2025-09-24T11:59:46.199-04:00  INFO 93565 --- [inventory-service] [           main] com.netflix.discovery.DiscoveryClient    : Saw local status change event StatusChangeEvent [timestamp=1758729586199, current=UP, previous=STARTING]
2025-09-24T11:59:46.200-04:00  INFO 93565 --- [inventory-service] [foReplicator-%d] com.netflix.discovery.DiscoveryClient    : DiscoveryClient_INVENTORY-SERVICE/ce:f0:74:47:af:74:inventory-service:0: registering service...
2025-09-24T11:59:46.206-04:00  INFO 93565 --- [inventory-service] [           main] c.m.I.InventoryServiceApplication        : Started InventoryServiceApplication in 1.785 seconds (process running for 2.008)
Hibernate: insert into t_inventory (quantity,sku_code) values (?,?)
2025-09-24T11:59:46.216-04:00  INFO 93565 --- [inventory-service] [foReplicator-%d] com.netflix.discovery.DiscoveryClient    : DiscoveryClient_INVENTORY-SERVICE/ce:f0:74:47:af:74:inventory-service:0 - registration status: 204
Hibernate: insert into t_inventory (quantity,sku_code) values (?,?)
2025-09-24T12:00:32.929-04:00  INFO 93565 --- [inventory-service] [o-auto-1-exec-1] o.a.c.c.C.[Tomcat].[localhost].[/]       : Initializing Spring DispatcherServlet 'dispatcherServlet'
2025-09-24T12:00:32.930-04:00  INFO 93565 --- [inventory-service] [o-auto-1-exec-1] o.s.web.servlet.DispatcherServlet        : Initializing Servlet 'dispatcherServlet'
2025-09-24T12:00:32.931-04:00  INFO 93565 --- [inventory-service] [o-auto-1-exec-1] o.s.web.servlet.DispatcherServlet        : Completed initialization in 1 ms
Hibernate: select i1_0.id,i1_0.quantity,i1_0.sku_code from t_inventory i1_0 where i1_0.sku_code in (?)
2025-09-24T12:04:46.002-04:00  INFO 93565 --- [inventory-service] [rap-executor-%d] c.n.d.s.r.aws.ConfigClusterResolver      : Resolving eureka endpoints via configuration
